<?xml version="1.0" encoding="UTF-8"?>
<testng-results skipped="0" failed="0" total="1" passed="1">
  <reporter-output>
  </reporter-output>
  <suite name="Default suite" duration-ms="52227" started-at="2019-04-22T18:07:19Z" finished-at="2019-04-22T18:08:11Z">
    <groups>
    </groups>
    <test name="Default test" duration-ms="52227" started-at="2019-04-22T18:07:19Z" finished-at="2019-04-22T18:08:11Z">
      <class name="Com.Test.PostAPITest">
        <test-method status="PASS" signature="SetUp()[pri:0, instance:Com.Test.PostAPITest@7823a2f9]" name="SetUp" is-config="true" duration-ms="15" started-at="2019-04-22T23:37:19Z" finished-at="2019-04-22T23:37:19Z">
          <reporter-output>
          </reporter-output>
        </test-method> <!-- SetUp -->
        <test-method status="PASS" signature="postApiTest()[pri:0, instance:Com.Test.PostAPITest@7823a2f9]" name="postApiTest" duration-ms="52158" started-at="2019-04-22T23:37:19Z" finished-at="2019-04-22T23:38:11Z">
          <reporter-output>
          </reporter-output>
        </test-method> <!-- postApiTest -->
      </class> <!-- Com.Test.PostAPITest -->
    </test> <!-- Default test -->
  </suite> <!-- Default suite -->
</testng-results>
