<?xml version="1.0" encoding="UTF-8"?>
<!-- Generated by org.testng.reporters.JUnitXMLReporter -->
<testsuite hostname="DESKTOP-P1LQ423" ignored="0" name="Command line test" tests="3" failures="2" timestamp="24 Apr 2019 12:04:10 GMT" time="120.942" errors="0">
  <testcase name="postApiTest" time="33.648" classname="Com.Test.PostAPITest">
    <failure type="java.lang.AssertionError" message="expected [201] but found [522]">
      <![CDATA[java.lang.AssertionError: expected [201] but found [522]
	at Com.Test.PostAPITest.postApiTest(PostAPITest.java:65)
... Removed 41 stack frames]]>
    </failure>
  </testcase> <!-- postApiTest -->
  <testcase name="getAPITestWithoutHeaders" time="60.731" classname="Com.Test.GetAPITest">
    <failure type="java.lang.AssertionError" message="Status code is not 200 expected [200] but found [504]">
      <![CDATA[java.lang.AssertionError: Status code is not 200 expected [200] but found [504]
	at Com.Test.GetAPITest.getAPITestWithoutHeaders(GetAPITest.java:50)
... Removed 40 stack frames]]>
    </failure>
  </testcase> <!-- getAPITestWithoutHeaders -->
  <testcase name="getAPITestwitHeaders" time="26.477" classname="Com.Test.GetAPITest"/>
</testsuite> <!-- Command line test -->
